[   0000] Initalizg cgupsusys cpuset
[  000000] Inialzing cou sbsys cpu
[  0000000] Initializing cgroup subsys cpuacct
[    0.000000] Linux version 4.4.0-141-generic (buildd@lcy01-amd64-006) (gcc version 5.4.0 20160609 (Ubuntu 5.4.0-6ubuntu1~16.04.10) ) #167-Ubuntu SMP Wed Dec 5 10:440:15 UTC 2018 (Ubuntu 4.4.0-141.167-generic 4.4.162)
[    0.000000] Command line: BOOT_IMAGE=/boot/vmlinuz-4.4.0-141-generic root=LABEL=cloudimg-rootfs ro console=tty1 console=ttyS0
[    0.000000] KERNEL supported cpus:
[    0.000000]   Intel GenuineIntel
[    0.000000]   A AthencAD
[    0.0000  Centaur nturHauls
[    0.000000] x86/fpu: xstate_offset[2]:  576, xstate_sizes[2]:  256
[    0.000000] x86/fpu: Supporting XSAVE feature 0x01: 'x87 floating point registers'
[    0.000000] x86/fpu: Supporting XSAVE feature 0x02: 'SSE registers'
[    0.000000] x86/fpu: Supporting XSAVE feature 0x04: 'AVX registers'
[    0.000000] x86/fpu: Enabled xstate features 0x7, context size is 832 bytes, using 'standard' format.
[    0.000000] e820: BIOS-provided physical RAM map:
[    0.000000] BIOS-e820: [mem 0x0000000000000000-0x000000000009fbff] usable
[    0.000000] BIOS-e820: [mem 0x000000000009fc00-0x000000000009ffff] reserved
[    0.000000] BIOS-e820: [mem 0x00000000000f0000-0x00000000000fffff] reserved
[    0.000000] BIOS-e820: [mem 0x0000000000100000-0x00000000dffeffff] usable
[    0.000000] BIOS-e820: [mem 0x00000000dfff0000-0x00000000dfffffff] ACPI data
[    0.000000] BIOS-e820: [mem 0x00000000fec00000-0x00000000fec00fff] reserved
[    0.000000] BIOS-e820: [mem 0x00000000fee00000-0x00000000fee00fff] reserved
[    0.000000] BIOS-e820: [mem 0x00000000fffc0000-0x00000000ffffffff] reserved
[    0.000000] BIOS-e820: [mem 0x0000000100000000-0x000000011fffffff] usable
[    0.000000] NX (Execute Disable) protection: active
[    0.000000] SMBIOS 2.5 present.
[    0.000000] Hypervisor detected: KVM
[    0.000000] e820: last_pfn = 0x120000 max_arch_pfn = 0x400000000
[    0.000000] MTRR: Disabled
[    0.000000] x86/PAT: MTRRs disabled, skipping PAT initialization too.
[    0.000000] CPU MTRRs all blank - virtualized system.
[    0.000000] x86/PAT: Configuration [0-7]: WB  WT  UC- UC  WB  WT  UC- UC  
[    0.000000] e820: last_pfn = 0xdfff0 max_arch_pfn = 0x400000000
[    0.000000] found SMP MP-table at [mem 0x0009fff0-0x0009ffff] mapped at [ffff88000009fff0]
[    0.000000] Scanning 1 areas for low memory corruption
[    0.000000] RAMDISK: [mem 0x3630a000-0x3717cfff]
[    0.000000] ACPI: Early table checksum verification disabled
[    0.000000] ACPI: RSDP 0x00000000000E0000 000024 (v02 VBOX  )
[    0.0000 API: XSDTx000000DFF000 003C (v01 VB  VBXXSD000001 ASL 00001)
[   .00000 API: ACP 0x00000FFF00F 0004 v04 OX  BOXFCP000001 ASL  0000)
[   0.0000] ACI:DST x0000000FF470 02FFv02 VBOX  BOBIS 000002INL 2000528)
[    0.000000] ACPI: FACS 0x00000000DFFF0200 000040
[    0.000000] ACPI: FACS 0x00000000DFFF0200 000040
[    0.000000] ACPI: APIC 0x00000000DFFF0240 00005C (v02 VBOX   VBOXAPIC 00000001 ASL  00000061)
[    0.000000] ACPI: SSDT 0x00000000DFFF02A0 0001CC (v01 VBOX   VBOXCPUT 00000002 INTL 20100528)
[    0.000000] No NUMA configuration found
[    0.000000] Faking a node at [mem 0x0000000000000000-0x000000011fffffff]
[    0.000000] NODE_DATA(0) allocated [mem 0x11fff7000-0x11fffbff]
[    0.000000] kvm-clock: Using msrs 4b564d01 and 4b564d00
[    0.000000] kvm-clock: cpu 0, msr 1:1ffef001, primary cpu clock
[    0.000000] kvm-clock: using sched offset of 3728175196 cycles
[    0.000000] clocksource: kvm-clock: mask: 0xffffffffffffffff max_cycles: 0x1cd42e4dffb, max_idle_ns: 881590591483 ns
[    0.000000] Zone ranges:
[    0.000000]   DMA      [mem 0x0000000000001000-0x0000000000ffffff]
[    0.000000]   DMA32    [mem 0x0000000001000000-0x00000000ffffffff]
[    0.000000]   Normal   [mem 0x0000000100000000-0x000000011fffffff]
[    0.000000]   Device   empty
[    0.000000] Movable zone start for each node
[    0.000000] Early memory noderage
[    0.000]   od  0:[mem 0x00000000100x000000000fff]
[    0000]  ode  0 [me0x0000000100000x000000dfefff
[    0.0000]  node  : me 0x000000000000-x000011fffffff]
[   .00000] Initmem settup node 0 [mem 0x0000000000001000-0x000000011fffffff]
[    0.000000] ACPI: PM-Timer IO Port: 0x4008
[    0.000000] IOAPIC[0]: apic_id 2, version 32, address 0xfec00000, GSI 0-23
[    0.000000] ACPI: INT_SRC_OVR (bus 0 bus_irq 0 global_irq 2 dfl dfl)
[    0.000000] ACPI: INT_SRC_OVR (bus 0 bus_irq 9 global_irq lw level)
[  0000000] UngACI (MAD) for SMP configuration information
[    0.000000] smpboot: Allowing 2 CPUs, 0 hotplug CPUs
[    0.000000] PM: Registered nosave memory: [mem 0x00000000-0x00000fff]
[    0.000000] PM: Registered nosave memory: [mem 0x0009f000-0x0009ffff]
[    0.000000] PM: Registered nosave memory: [mem 0x000a0000-0x000effff]
[    0.000000] PM: Registered nosave memory: [mem 0x000f0000-0x000fffff]
[    0.000000] PM: Registeed nosave memory: [mem 0xdfff0000-0xdfffffff]
[    0.000000] PM: Registered nosave memory: [mem 0xe0000000-0xfebfffff]
[    0.000000] PM: Registered nosave memory: [mem 0xfec00000-0xfec00fff]
[    0.000000] PM: Registered nosave memory: [mem 0xfec01000-0xfedfffff]
[    0.000000] PM: Registered nosave memory: [mem 0xfee00000-0xfee00fff]
[    0.000000] PM: Registered nosave memory: [mem 0xfee01000-0xfffbffff]
[    0.000000] PM: Registered nosave memory: [mem 0xfffc0000-0xffffffff]
[    0.000000] e820: [mem 0xe0000000-0xfebfffff] available for PCI devices
[    0.000000] Booting paravirtualized kernel on KVM
[    0.000000] clocksource: refined-jiffies: mask: 0xffffffff max_cycles: 0xffffffff, max_idle_ns: 7645519600211568 ns
[    0.000000] setup_percpu: NR_CPUS:512 nr_cpumask_bits:512 nr_cpu_ids:2 nr_node_ids:1
[    0.000000] PERCPU: Embedded 34 pages/cpu @ffff88011fc00000 s99608 r8192 d31464 u1048576
[    0.000000] PV qspinlock hash table entries: 256 (order: 0, 4096 bytes)
[    0.000000] Built 1 zonelists in Node order, mobility grouping on.  Total pages: 1032056
[    0.000000] Policy zone: Normal
[    0.000000] Kernel command line: BOOT_IMAGE=/boot/vmlinuz-4.4.0-141-generic root=LABEL=cloudimg-rootfs ro console=tty1 console=ttyS0
[    0.000000] PID hash table entries: 4096 (order: 3, 32768 bytes)
[    0.000000] Memory: 4028220K/4193848K available (8568K kernel code, 1314K rwdata, 4008K rodata, 1528K init, 116 bss, 658Kreservd,K ma-rseve
[    0.000] SLU: algn=64, rdr=-3 MinObjes=, CPUs=2 Nes1
[    0.0000] Krnl/User page tables isolation: enabled
[    0.000000] Hierarchical CU implementation.
[    0.0000] uild-tmedjstmentf af fanout to 6
[    00000] 	RU stictingCPs ro NR_PUS=5 to nr_cpuids=2.
   0.000000] RCU: Adjustng geometry for rcu_fanout_leaf=64, nr_cpu_ids=2
[    0.000000] NR_IRQS:33024 nr_irqs:440 16
[    0.000000] Console: colour VGA+ 80x25
[    0.000000] console [tty1] enabled
[    0.000000] console [ttyS0] enabled
[    0.000000] tsc: Detected 2711.998 MHz processor
[    4.130266] Calibrating delay loop (skipped) preset value.. 5423.99 BogoMIPS (lpj=10847992)
[    4.133096] pid_max: default: 32768 minimum: 301
[    4.134787] ACPI: Core revision 20150930
[    4.137175] ACPI: 2 ACPI AML tables successfully acquireed and loaded
[    4.141590] Security Framework initialized
[    4.142901] Yama: becoming mindful.
[    4.144072] AppArmor: AppArmor initialized
[    4.147160] Dentry cache hash table entries: 524288 (order: 10, 4194304 bytes)
[    4.153377] Inode-cache hash table entries: 262144 (order: 9, 2097152 bytes)
[    4.158418] Mount-cache hash table entries: 8192 (order: 4, 65536 bytes)
[    4.165453] Mountpoint-cache hash table entries: 8192 (order: 4, 65536 bytes)
[    4.169263] Initializing cgroup subsys io
[    4.170522] Initializing cgroup subsys memory
[    4.171879] Initializing cgroup subsys devices
[    4.173288] Initializing cgroup subsys freezer
[    4.174645] Initializing cgroup subsys net_cls
[    4.241606] Initializing cgroup subsys perf_event
[    4.322372] Initializing cgroup subsys net_prio
[    4.324024] Initializing cgroup subsys hugetlb
[    4.325678] Initializing cgroup subsys pids
[    4.328034] mce: CPU supports 0 MCE banks
[    4.329589] Last level iTLB entries: 4KB 64, 2MB 8, 4MB 8
[    4.331251] Last level dTLB entries: 4KB 64, 2MB 0, 4MB 0, 1GB 4
[    4.333115] Spectre V2 : Mitigation: Full generic retpoline
[    4.385857] Spectre V2 : Spectre v2 mitigation: Speculation control IBPB not-supported IBRS not-supported
[    4.513858] Spectre V2 : Spectre v2 / SpectreRSB mitigation: Filling RSB on context switch
[    4.563741] Speculative Store Bypass: Vulnerable
[    4.567531] Freeing SMP alternatives memory: 32K
[    4.576372] ftrace: allocating 32291 entries in 127 pages
[    4.720419] smpboot: APIC(0) Converting physical 0 to logical package 0
[    4.821324] smpboot: Max logical packages: 1
[    4.897379] x2apic enabled
[    4.945305] Switched APIC routing to physical x2apic.
[    5.030444] ..TIMER: vector=0x30 apic1=0 pin1=2 apic2=-1 pin2=-1
[    5.253422] smpboot: CPU0: Intel(R) Core(TM) i7-6820HQ CPU @ 2.70GHz (family: 0x6, model: 0x5e, stepping: 0x3)
[    5.258952] Performance Events: unsupported p6 CPU model 94 no PMU driver, software events only.
[    5.263202] KVM setup paravirtual spinlock
[    5.265305] x86: Booting SMP configuration:
[    5.266760] .... node  #0, CPUs:      #1
[    5.268341] kvm-clock: cpu 1, msr 1:1ffef041, secondary cpu clock
[    5.271202] mce: CPU supports 0 MCE banks
[    5.274617] x86: Booted up 1 node, 2 CPUs
[    5.276210] smpboot: Total of 2 processors activated (10847.99 BogoMIPS)
[    5.345561] devtmpfs: initialized
[    5.403613] evm: security.selinux
[    5.470301] evm: security.SMACK64
[    5.539205] evm: security.SMACK64EXEC
[    5.622140] evm: security.SMACK64TRANSMUTE
[    5.682725] evm: security.SMACK64MMAP
[    5.685328] evm: security.ima
[    5.686359] evm: security.capability
[    5.687858] clocksource: jiffies: mask: 0xffffffff max_cycles: 0xffffffff, max_idle_ns: 7645041785100000 ns
[    5.690788] futex hash table entries: 512 (order: 3, 32768 bytes)
[    5.692890] pinctrl core: initialized pinctrl subsystem
[    5.694738] RTC time: 21:49:52, date: 02/22/19
[    5.696335] NET: Registered protocol family 16
[    5.714833] cpuidle: using governor ladder
[    5.804181] cpuidle: using governor menu
[    5.883089] PCCT header not found.
[    5.932751] ACPI: bus type PCI registered
[    5.988827] acpiphp: ACPI Hot Plug PCI Controller Driver version: 0.5
[    6.093786] PCI: Using configuration type 1 for base access
[    6.201225] ACPI: Added _OSI(Module Device)
[    6.285954] ACPI: Added _OSI(Processor Device)
[    6.333384] ACPI: Added _OSI(3.0 _SCP Extensions)
[    6.335608] ACPI: Added _OSI(Processor Aggregator Device)
[    6.342238] ACPI: Executed 1 blocks of module-level executable AML code
[    6.347846] ACPI: Interpreter enabled
[    6.349231] ACPI: (supports S0 S5)
[    6.354159] ACPI: Using IOAPIC for interrupt routing
[    6.356283] PCI: Using host bridge windows from ACPI; if necessary, use "pci=nocrs" and report a bug
[    6.365393] ACPI: PCI Root Bridge [PCI0] (domain 0000 [bus 00-ff])
[    6.367622] acpi PNP0A03:00: _OSC: OS supports [ASPM ClockPM Segments MSI]
[    6.370063] acpi PNP0A03:00: _OSC: not requesting OS control; OS requires [ExtendedConfig ASPM ClockPM MSI]
[    6.373449] acpi PNP0A03:00: fail to add MMCONFIG information, can't access extended PCI configuration space under this bridge.
[    6.377801] PCI host bridge to bus 0000:00
[    6.388376] pci_bus 0000:00: root bus resource [io  0x0000-0x0cf7 window]
[    6.390963] pci_bus 0000:00: root bus resource [io  0x0d00-0xffff window]
[    6.393410] pci_bus 0000:00: root bus resource [mem 0x000a0000-0x000bffff window]
[    6.395682] pci_bus 0000:00: root bus resource [mem 0xe0000000-0xfdffffff window]
[    6.416253] pci_bus 0000:00: root bus resource [bus 00-ff]
[    6.538057] pci 0000:00:01.1: legacy IDE quirk: reg 0x10: [io  0x01f0-0x01f7]
[    6.664100] pci 0000:00:01.1: legacy IDE quirk: reg 0x14: [io  0x03f6]
[    6.736481] pci 0000:00:01.1: legacy IDE quirk: reg 0x18: [io  0x0170-0x0177]
[    6.809526] pci 0000:00:01.1: legacy IDE quirk: reg 0x1c: [io  0x0376]
[    6.848897] pci 0000:00:07.0: quirk: [io  0x4000-0x403f] claimed by PIIX4 ACPI
[    6.976335] pci 0000:00:07.0: quirk: [io  0x4100-0x410f] claimed by PIIX4 SMB
[    7.110299] ACPI: PCI Interrupt Link [LNKA] (IRQs 5 9 10 *11)
[    7.214021] ACPI: PCI Interrupt Link [LNKB] (IRQs 5 9 *10 11)
[    7.301402] ACPI: PCI Interrupt Link [LNKC] (IRQs 5 *9 10 11)
[    7.387645] ACPI: PCI Interrupt Link [LNKD] (IRQs 5 9 10 *11)
[    7.432113] ACPI: Enabled 2 GPEs in block 00 to 07
[    7.434050] vgaarb: setting as boot device: PCI:0000:00:02.0
[    7.442349] vgaarb: device added: PCI:0000:00:02.0,decodes=io+mem,owns=io+mem,locks=none
[    7.454474] vgaarb: loaded
[    7.455460] vgaarb: bridge control possible 0000:00:02.0
[    7.457510] SCSI subsystem initialized
[    7.459002] ACPI: bus type USB registered
[    7.460560] usbcore: registered new interface driver usbfs
[    7.462492] usbcore: registered new interface driver hub
[    7.464239] usbcore: registered new device driver usb
[    7.466152] PCI: Using ACPI for IRQ routing
[    7.469370] NetLabel: Initializing
[    7.470547] NetLabel:  domain hash size = 128
[    7.475152] NetLabel:  protocols = UNLABELED CIPSOv4
[    7.476984] NetLabel:  unlabeled traffic allowed by default
[    7.479163] amd_nb: Cannot enumerate AMD northbridges
[    7.484046] clocksource: Switched to clocksource kvm-clock
[    7.498145] AppArmor: AppArmor Filesystem Enabled
[    7.499969] pnp: PnP ACPI init
[    7.502541] pnp: PnP ACPI: found 3 devices
[   .5438]clckouce acpi_m:mak:0xfff x_cles 0ffff mx_dle_s:2057104 ns
[  863803]NE: egstre potco family 2

[    8.569864] TCP established hash table entries: 32768 (order: 6, 262144 bytes)
[   8.572886] TCP bind hashtabe ntie: 278 orer 7 5428 te)[   .9965]CP Hshabes congued(etalihe 376 bd 278)[   .628197] UDP hash table entries: 2048 (order: 4, 65536 bytes)
[    9.702281] UDP-Lite hash table entries: 2048 (order: 4, 65536 bytes)
[    9.704958] NET: Registered protocol family 1
[    9.706645] pci 0000:00:00.0: Limiting direct PCI/PCI transfes
[    9.731750] pci 0000:00:01.0: Actiatng IA MAhag oraruns[   .9055]Unacing niramf...
[   10.498364] Freeing initrd memory: 14796K
[   10.576361] PCI-DMA: Using software bounce buffering for IO (SWIOTLB)
[   10.670186] software IO TLB [mem 0xdbff0000-0xdfff0000] (64MB) mapped at [ffff8800dbff0000-ffff8800dffeffff]
[   10.770402] platform rtc_cmos: registered platform RTC device (no PNP device found)
[   10.791603] Scanning for low memory corruption every 60 seconds
[   10.794094] audit: initializing netlink subsys (disabled)
[   10.795966] audit: type=2000 audit(1550872195.939:1): initialized
[   10.798434] Initialise system trusted keyring
[   10.800691] HugeTLB registered 2 MB page size, pre-allocated 0 pages
[   10.805225] zbud: loaded
[   10.807043] VFS: Disk quotas dquot_6.6.0
[   10.808843] VFS: Dquot-cache hash table entries: 512 (order 0, 4096 bytes)
[   10.811767] squashfs: version 4.0 (2009/01/31) Phillip Lougher
[   10.814167] fuse init (API version 7.23)
[   10.815867] Key type big_key registered
[   10.817741] Allocating IMA MOK and blacklist keyrings.
[   10.823487] Key type asymmetric registered
[   10.825138] Asymmetric key parser 'x509' registered
[   10.827189] Block layer SCSI generic (bsg) driver version 0.4 loaded (major 249)
[   10.832775] io scheduler noop registered
[   10.834207] io scheduler deadline registered (default)
[   10.836120] io scheduler cfq registered
[   10.837814] pci_hotplug: PCI Hot Plug PCI Core version: 0.5
[   10.840131] pciehp: PCI Express Hot Plug Controller Driver version: 0.4
[   10.842829] ACPI: AC Adapter [AC] (off-line)
[   10.844525] input: Power Button as /devices/LNXSYSTM:00/LNXPWRBN:00/input/input0
[   10.847090] ACPI: Power Button [PWRF]
[   10.848647] input: Sleep Button as /devices/LNXSYSTM:00/LNXSLPBN:00/input/input1
[   10.851865] ACPI: Sleep Button [SLPF]
[   10.854836] ACPI: Battery Slot [BAT0] (battery present)
[   10.915404] GHES: HEST is not enabled!
[   11.004843] Serial: 8250/16550 driver, 32 ports, IRQ sharing enabled
[   11.170128] 00:02: ttyS0 at I/O 0x3f8 (irq = 4, base_baud = 115200) is a 16550A
[   11.356270] Linux agpgart interface v0.103
[   11.466615] loop: module loaded
[   11.485686] scsi host0: ata_piix
[   11.547084] scsi host1: ata_piix
[   11.548404] ata1: PATA max UDMA/33 cmd 0x1f0 ctl 0x3f6 bmdma 0xd000 irq 14
[   11.550730] ata2: PATA max UDMA/33 cmd 0x170 ctl 0x376 bmdma 0xd008 irq 15
[   11.602515] libphy: Fixed MDIO Bus: probed
[   11.651518] tun: Universal TUN/TAP device driver, 1.6
[   11.735037] tun: (C) 1999-2004 Max Krasnyansky <maxk@qualcomm.com>
[   11.835443] PPP generic driver version 2.4.2
[   11.903600] ehci_hcd: USB 2.0 'Enhanced' Host Controller (EHCI) Driver
[   11.915137] ehci-pci: EHCI PCI platform driver
[   11.917188] ehci-platform: EHCI generic platform driver
[   11.921006] ohci_hcd: USB 1.1 'Open' Host Controller (OHCI) Driver
[   11.925409] ohci-pci: OHCI PCI platform driver
[   11.927189] ohci-platform: OHCI generic platform driver
[   11.931150] uhci_hcd: USB Universal Host Controller Interface driver
[   11.933975] i8042: PNP: PS/2 Controller [PNP0303:PS2K,PNP0f03:PS2M] at 0x60,0x64 irq 1,12
[   11.941585] serio: i8042 KBD port at 0x60,0x64 irq 1
[   11.943801] serio: i8042 AUX port at 0x60,0x64 irq 12
[   11.946727] mousedev: PS/2 mouse device common for all mice
[   11.950089] rtc_cmos rtc_cmos: rtc core: registered rtc_cmos as rtc0
[   11.953329] input: AT Translated Set 2 keyboard as /devices/platform/i8042/serio0/input/input2
[   11.957422] rtc_cmos rtc_cmos: alarms up to one day, 114 bytes nvram
[   11.960320] i2c /dev entries driver
[   11.962353] device-mapper: uevent: version 1.0.3
[   11.964799] device-mapper: ioctl: 4.34.0-ioctl (2015-10-28) initialised: dm-devel@redhat.com
[   11.968547] ledtrig-cpu: registered to indicate activity on CPUs
[   11.975456] NET: Registered protocol family 10
[   11.977812] NET: Registered protocol family 17
[   11.979522] Key type dns_resolver registered
[   11.981666] registered taskstats version 1
[   11.983249] Loading compiled-in X.509 certificates
[   11.985742] Loaded X.509 cert 'Build time autogenerated kernel key: 7c9fb337b82e5a343493fe891c556beae1895c7c'
[   11.989501] zswap: loaded using pool lzo/zbud
[   11.993507] Key type trusted registered
[   11.999033] Key type encrypted registered
[   12.000700] AppArmor: AppArmor sha1 policy hashing enabled
[   12.002898] ima: No TPM chip found, activating TPM-bypass!
[   12.004940] ima: Allocated hash algorithm: sha1
[   12.013076] evm: HMAC attrs: 0x1
[   12.014723]   Magic number: 7:644:854
[   12.055230] rtc_cmos rtc_cmos: setting system clock to 2019-02-22 21:49:58 UTC (1550872198)
[   12.067391] BIOS EDD facility v0.16 2004-Jun-25, 0 devices found
[   12.069655] EDD information not available.
[   12.072921] Freeing unused kernel memory: 1528K
[   12.084264] Write protecting the kernel read-only data: 14336k
[   12.086910] Freeing unused kernel memory: 1660K
[   12.088784] Freeing unused kernel memory: 88K
Loading, please wait...
starting version 229
[   12.104185] random: systemd-udevd: uninitialized urandom read (16 bytes read, 3 bits of entropy available)
[   12.104648] random: udevadm: uninitialized urandom read (16 bytes read, 3 bits of entropy available)
[   12.104675] random: udevadm: uninitialized urandom read (16 bytes read, 3 bits of entropy available)
[   12.114457] random: udevadm: uninitialized urandom read (16 bytes read, 3 bits of entropy available)
[   12.114493] random: udevadm: uninitialized urandom read (16 bytes read, 3 bits of entropy available)
[   12.114605] random: udevadm: uninitialized urandom read (16 bytes read, 3 bits of entropy available)
[   12.114646] random: udevadm: uninitialized urandom read (16 bytes read, 3 bits of entropy available)
[   12.114686] random: udevadm: uninitialized urandom read (16 bytes read, 3 bits of entropy available)
[   12.114728] random: udevadm: uninitialized urandom read (16 bytes read, 3 bits of entropy available)
[   12.114767] random: udevadm: uninitialized urandom read (16 bytes read, 3 bits of entropy available)
[   12.611954] e1000: Intel(R) PRO/1000 Network Driver - version 7.3.21-k8-NAPI
[   12.672688] e1000: Copyright (c) 1999-2006 Intel Corporation.
[   12.732802] AVX2 version of gcm_enc/dec engaged.
[   12.751661] Fusion MPT base driver 3.04.20
[   12.751661] Copyright (c) 1999-2008 LSI Corporation
[   12.992829] AES CTR mode by8 optimization enabled
[   13.040395] clocksource: tsc: mask: 0xffffffffffffffff max_cycles: 0x27178451938, max_idle_ns: 440795251172 ns
[   13.053043] Fusion MPT SPI Host driver 3.04.20
[   13.261205] input: ImExPS/2 Generic Explorer Mouse as /devices/platform/i8042/serio1/input/input4
[   13.439533] e1000 0000:00:03.0 eth0: (PCI:33MHz:32-bit) 02:5e:78:ae:6e:b0
[   13.557042] e1000 0000:00:03.0 eth0: Intel(R) PRO/1000 Network Connection
[   14.095649] e1000 0000:00:08.0 eth1: (PCI:33MHz:32-bit) 08:00:27:17:43:45
[   14.165054] e1000 0000:00:08.0 eth1: Intel(R) PRO/1000 Network Connection
[   14.179655] e1000 0000:00:03.0 enp0s3: renamed from eth0
[   14.182168] mptbase: ioc0: Initiating bringup
[   14.196613] e1000 0000:00:08.0 enp0s8: renamed from eth1
[   14.249538] ioc0: LSI53C1030 A0: Capabilities={Initiator}
[   14.472839] scsi host2: ioc0: LSI53C1030 A0, FwRev=00000000h, Ports=1, MaxQ=256, IRQ=20
[   14.588770] scsi 2:0:0:0: Direct-Access     VBOX     HARDDISK         1.0  PQ: 0 ANSI: 5
[   14.745196] scsi target2:0:0: Beginning Domain Validation
[   14.830214] scsi target2:0:0: Domain Validation skipping write tests
[   14.832085] scsi target2:0:0: Ending Domain Validation
[   14.833759] scsi target2:0:0: asynchronous
[   14.835595] scsi 2:0:1:0: Direct-Access     VBOX     HARDDISK         1.0  PQ: 0 ANSI: 5
[   14.838240] scsi target2:0:1: Beginning Domain Validation
[   14.840753] scsi target2:0:1: Domain Validation skipping write tests
[   14.855218] scsi target2:0:1: Ending Domain Validation
[   15.484567] scsi target2:0:1: asynchronous
[   15.776214] sd 2:0:0:0: Attached scsi generic sg0 type 0
[   15.878790] sd 2:0:0:0: [sda] 20971520 512-byte logical blocks: (10.7 GB/10.0 GiB)
[   16.051498] sd 2:0:1:0: Attached scsi generic sg1 type 0
[   16.146717] sd 2:0:1:0: [sdb] 20480 512-byte logical blocks: (10.5 MB/10.0 MiB)
[   16.146747] sd 2:0:0:0: [sda] Write Protect is off
[   16.147010] sd 2:0:0:0: [sda] Incomplete mode parameter data
[   16.147011] sd 2:0:0:0: [sda] Assuming drive cache: write through
[   16.148594]  sda: sda1
[   16.149504] sd 2:0:0:0: [sda] Attached SCSI disk
[   16.404908] sd 2:0:1:0: [sdb] Write Protect is off
[   16.406770] sd 2:0:1:0: [sdb] Incomplete mode parameter data
[   16.408821] sd 2:0:1:0: [sdb] Assuming drive cache: write through
[   16.414043] sd 2:0:1:0: [sdb] Attached SCSI disk
Begin: Loading e[   17.741407] md: linear personality registered for level -1
ssential drivers[   17.847912] md: multipath personality registered for level -4
 ... [   17.967982] md: raid0 personality registered for level 0
[   18.071569] md: raid1 personality registered for level 1
[   18.228323] raid6: sse2x1   gen() 11329 MB/s
[   18.352096] raid6: sse2x1   xor()  8212 MB/s
[   18.440201] raid6: sse2x2   gen() 12691 MB/s
[   18.552268] raid6: sse2x2   xor()  9245 MB/s
[   18.680196] raid6: sse2x4   gen() 13356 MB/s
[   18.752094] raid6: sse2x4   xor()  9887 MB/s
[   18.880289] raid6: avx2x1   gen() 21590 MB/s
[   19.028444] raid6: avx2x2   gen() 24716 MB/s
[   19.176324] raid6: avx2x4   gen() 27772 MB/s
[   19.247718] raid6: using algorithm avx2x4 gen() 27772 MB/s
[   19.348379] raid6: using avx2x2 recovery algorithm
[   19.408746] xor: automatically using best checksumming function:
[   19.488774]    avx       : 43922.000 MB/sec
[   19.569569] async_tx: api initialized (async)
[   19.671502] md: raid6 personality registered for level 6
[   19.743288] md: raid5 personality registered for level 5
[   19.751489] md: raid4 personality registered for level 4
[   19.758524] md: raid10 personality registered for level 10
done.
Begin: Running /scripts/init-premount ... done.
Begin: Mounting root file system ... Begin: Running /scripts/local-top ... done.
Begin: Running /scripts/local-premount ... [   19.790643] Btrfs loaded
Scanning for Btrfs filesystems
done.
Warning: fsck no[   19.818594] EXT4-fs (sda1): mounted filesystem with ordered data mode. Opts: (null)
t present, so skipping root file system
done.
Begin: Running /scripts/local-bottom ... done.
Begin: Running /scripts/init-bottom ... done.
[   20.014304] systemd[1]: systemd 229 running in system mode. (+PAM +AUDIT +SELINUX +IMA +APPARMOR +SMACK +SYSVINIT +UTMP +LIBCRYPTSETUP +GCRYPT +GNUTLS +ACL +XZ -LZ4 +SECCOMP +BLKID +ELFUTILS +KMOD -IDN)
[   20.355463] systemd[1]: Detected virtualization oracle.
[   20.425441] systemd[1]: Detected architecture x86-64.

Welcome to [1mUbuntu 16.04.5 LTS[0m!

[   206153 sstmd1] St osnae o <ubuntu>.
[   20.797134] systemd[1]: Initializing machine ID from random generator.
[   20.858950] systemd[1]: Installed transient /etc/machine-id file.
[   20.956244] systemd[1]: Started Trigger resolvconf update for networkd DNS.
[[0;32m  OK  [0m] Started Trigger resolvconf update for networkd DNS.
[   20.961406] systemd[1]: Listening on /dev/initctl Compatibility Named Pipe.
[[0;32m  OK  [0m] Listening on /dev/initctl Compatibility Named Pipe.
[   20.966375] systemd[1]: Listening on LVM2 metadata daemon socket.
[[0;32m  OK  [0m] Listening on LVM[   21.020588] random: nonblocking pool is initialized
2 metadata daemon socket.
[  2.1525] sysemd[1 Racedtaget ysm im Sncroizd.

[[0;32m  OK  [0m] Reached target System Time Synchronized.
[  2.646010] systemd[1]: Created slice User and Session Slice.

[[0;32m  OK  [0m] Created slice User and Session Slice.
[   21.699266] systemd[1]: Reached target Encrypted Volumes.
[[0;32m  OK  [0m] Reached target Encrypted Volumes.
[   21.703514] systemd[1]: Listening on LVM2 poll daemon socket.
[[0;32m  OK  [0m] Listening on LVM2 poll daemon socket.
[   21.707837] systemd[1]: Listening on Syslog Socket.
[[0;32m  OK  [0m] Listening on Syslog Socket.
[  2.851] ysemd[1]: Reahed target Swap.

[[0;32m  OK  [0m] Reached target Swap.
[   21.996723] systemd[1]: Listening on udev Control Socket.
[[0;32m  OK  [0m] Listening on udev Control Socket.
[   22.004475] systemd[1]: Listening on udev Kernel Socket.
[[0;32m  OK  [0m] Listening on udev Kernel Socket.
[   22.009940] systemd[1]: Set up automount Arbitrary Executable File Formats File System Automount Point.
[[0;32m  OK  [0m] Set up automount Arbitrary Executab...ats File System Automount Point.
[   22.021241] systemd[1]: Created slice System Slice.
[[0;32m  OK  [0m] Created slice System Slice.
[   22.025700] systemd[1]: Listening on Journal Audit Socket.
[[0;32m  OK  [0m] Listening on Journal Audit Socket.
[   22.029978] systemd[1]: Listening on Device-mapper event daemon FIFOs.
[[0;32m  OK  [0m] Listening on Device-mapper event daemon FIFOs.
[   22.044609] systemd[1]: Reached target User and Group Name Lookups.
[[0;32m  OK  [0m] Reached target User and Group Name Lookups.
[   22.166532] systemd[1]: Listening on Jounal Socket.

[[0;32m  OK  [0m] Listening on Journal Socket.
[   22.244517] systemd[1]: Starting Load Kernel Modules...
         Starting Load Ke[   22.294636] Loading iSCSI transport class v2.0-870.
rnel Modules...[   22.361795] iscsi: registered transport (tcp)

[   22.431825] systemd[1]: Starting Nameserver information manager...
         Starting Nameserver information manager...
[   22.449611] iscsi: registered transport (iser)
[   22.484248] systemd[1]: Mounting POSIX Message Queue File System...
         Mounting POSIX Message Queue File System...
[   22.515598] systemd[1]: Starting Set console keymap...
         Starting Set console keymap...
[   22.521938] systemd[1]: Starting Create list of required static device nodes for the current kernel...
         Starting Create list of required st... nodes for the current kernel...
[   22.553000] systemd[1]: Starting Uncomplicated firewall...
         Starting Uncomplicated firewall...
[   22.692467] systemd[1]: Starting Remount Root and Kernel File Systems...
         [   22.811416] EXT4-fs (sda1): re-mounted. Opts: (null)
Starting Remount Root and Kernel File Systems...
[   22.817956] systemd[1]: Mounting Debug File System...
         Mounting Debug File System...
[   22.822574] systemd[1]: Starting Monitoring of LVM2 mirrors, snapshots etc. using dmeventd or progress polling...
         Starting Monitoring of LVM2 mirrors... dmeventd or progress polling...
[   22.829493] systemd[1]: Reached target Slices.
[[0;32m  OK  [0m] Reached target Slices.
[   22.836956] systemd[1]: Mounting Huge Pages File System...
         Mounting Huge Pages File System...
[  22.6187] systemd[1]: Started Frwrd Password Requests to Wall Directory Watch.

[[0;32m  OK  [0m] Started Forward Password Requests to Wall Directory Watch.
[   23.109790] systemd[1]: Listening on Journal Socket (/dev/log).
[[0;32m  OK  [0m] Listening on Journal Socket (/dev/log).
[   23.132469] systemd[1]: Starting Journal Service...
         Starting Journal Service...
[   23.137538] systemd[1]: Created slice system-serial\x2dgetty.slice.
[[0;32m  OK  [0m] Created slice system-serial\x2dgetty.slice.
[   23.201912] systemd[1]: Mounted Huge Pages File System.
[[0;32m  OK  [0m] Mounted Huge Pages File System.
[  2.351] systemd[1]: Mounted POSIX Message Queue File System.

[[0;32m  OK  [0m] Mounted POSIX Message Queue File System.
[  2.5473]ysem[1 Muned Deb Fe Syem
[[0;32m  OK  [0m] Mounted Debug File System.
[  2.985558]ysmd]:Started Journal Service.

[[0;32m  OK  [0m] Started Journal Service.
[[0;32m  OK  [0m] Started Load Kernel Modules.
[[0;32m  OK  [0m] Started Set console keymap.
[[0;32m  OK  [0m] Started Create list of required sta...ce nodes for the current kernel.
[[0;32m  OK  [0m] Started Uncomplicated firewall.
[[0;32m  OK  [0m] Started Remount Root and Kernel File Systems.
[[0;32m  OK  [0m] Started Nameserver information manager.
[[0;32m  OK  [0m] Started LVM2 metadata daemon.
         Starting udev Coldplug all Devices...
         Starting Load/Save Random Seed...
         Starting Create Static Device Nodes in /dev...
         Starting Apply Kernel Variables...
         Mounting FUSE Control File System...
         Starting Flush Journal to Persistent Storage...
[[0;32m  OK  [0m] Mounted FUSE Control File System.
[[0;32m  OK  [0m] Started Monitoring of LVM2 mirrors,...ng dmeventd or progress polling.
[[0;32m  OK  [0m] Started Load/Save Random Seed.
[[0;32m  OK  [0m] Started Create Static Device Nodes in /dev.
[[0;32m  OK  [0m] Started Apply Kernel Variables.
[[0;32m  OK  [0m] Started udev Coldplug all Devices.
[[0;32m  OK  [0m] Started Flush Journal to Persistent Storage.
         Starting udev Kernel Device Manager...
[[0;32m  OK  [0m] Reached target Local File Systems (Pre).
[[0;32m  OK  [0m] Reached target Local File Systems.
         Starting LSB: AppArmor initialization...
         Starting Tell Plymouth To Write Out Runtime Data...
         Starting Commit a transient machine-id on disk...
         Starting Set console font and keymap...
         Starting Initial cloud-init job (pre-networking)...
         Starting Create Volatile Files and Directories...
[[0;32m  OK  [0m] Started udev Kernel Device Manager.
[[0;32m  OK  [0m] Started Tell Plymouth To Write Out Runtime Data.
[[0;32m  OK  [0m] Started Commit a transient machine-id on disk.
[[0;32m  OK  [0m] Started Create Volatile Files and Directories.
[   18.628527] [cloud-init[0;32m  OK  [0m[535]: ] Cloud-init v. 18.4-0ubuntu1~16.04.2 running 'init-local' at Fri, 22 Feb 2019 21:50:11 +0000. Up 18.37 seconds.Found device /dev/ttyS0.

[[0;32m  OK  [0m] Started Initial cloud-init job (pre-networking).
[[0;32m  OK  [0m] Listening on Load/Save RF Kill Switch Status /dev/rfkill Watch.
[[0;32m  OK  [0m] Reached target Network (Pre).
         Starting Update UTMP about System Boot/Shutdown...
[[0;32m  OK  [0m] Started Dispatch Password Requests to Console Directory Watch.
[[0;32m  OK  [0m] Started Set console font and keymap.
[[0;32m  OK  [0m] Started Update UTMP about System Boot/Shutdown.
[[0;32m  OK  [0m] Started LSB: AppArmor initialization.
         Starting Raise network interfaces...
[[0;32m  OK  [0m] Created slice system-getty.slice.
[[0;32m  OK  [0m] Started Raise network interfaces.
         Starting Initial cloud-init job (metadata service crawler)...
[[0;32m  OK  [0m] Reached target Network.
[   20.147226] cloud-init[934]: Cloud-init v. 18.4-0ubuntu1~16.04.2 running 'init' at Fri, 22 Feb 2019 21:50:13 +0000. Up 19.71 seconds.
[[0;32m  OK  [0m[   20.208383] cloud-init[934]: ci-info: ++++++++++++++++++++++++++++++++++++++Net device info+++++++++++++++++++++++++++++++++++++++] Started Initial cloud-init job (metadata service crawler).
[
[   20.217254] cloud-init[934]: ci-info: +--------+-------+----------------------------+---------------+--------+-------------------+
[   20.218022] cloud-init[934]: ci-info: | Device |   Up  |          Address           |      Mask     | Scope  |     Hw-Address    |
[   20.218447] cloud-init[934]: ci-info: +--------+-------+----------------------------+---------------+--------+-------------------+
[   20.218888] cloud-init[934]: ci-info: | enp0s3 |  True |         10.0.2.15          | 255.255.255.0 | global | 02:5e:78:ae:6e:b0 |
[   20.219437] cloud-init[934]: ci-info: | enp0s3 |  True | fe80::5e:78ff:feae:6eb0/64 |       .       |  link  | 02:5e:78:ae:6e:b0 |
[   20.219865] cloud-init[934]: ci-info: | enp0s8 | False |             .              |       .       |   .    | 08:00:27:17:43:45 |
[   20.220556] cloud-init[934]: ci-info: |   lo   |  True |         127.0.0.1          |   255.0.0.0   |  host  |         .         |
[   20.221241] cloud-init[934]: ci-info: |   lo   |  True |          ::1/128           |       .       |  host  |         .         |
[   20.221846] cloud-init[934]: ci-info: +--------+-------+----------------------------+---------------+--------+-------------------+
[   20.222342] cloud-init[934]: ci-info: +++++++++++++++++++++++++++Route IPv4 info++++++++++++++++++++++++++++
[   20.223394] cloud-init[934]: ci-info: +-------+-------------+----------+---------------+-----------+-------+
[0;32m  OK  [0m] Reached target Network is Online.
[   20.223810] cloud-init[934]: ci-info: | Route | Destination | Gateway  |    Genmask    | Interface | Flags |
[   20.260404] cloud-init[934]: ci-info: +-------+-------------+----------+---------------+-----------+-------+
[   20.264367] cloud-init[934]: ci-info: |   0   |   0.0.0.0   | 10.0.2.2 |    0.0.0.0    |   enp0s3  |   UG  |
[   20.268579] cloud-init[934]: ci-info: |   1   |   10.0.2.0  | 0.0.0.0  | 255.255.255.0 |   enp0s3  |   U   |
[   20.272854] cloud-init[934]: ci-info: +-------+-------------+----------+---------------+-----------+-------+
[   20.273355] cloud-init[934]: ci-info: +++++++++++++++++++Route IPv6 info+++++++++++++++++++
[   20.273663] cloud-init[934]: ci-info: +-------+-------------+---------+-----------+-------+
[   20.273967] cloud-init[934]: ci-info: | Route | Destination | Gateway | Interface | Flags |
         Starting iSCSI initiator daemon (iscsid)...
[[   20.274015] [0;32m  OK  [0mcloud-init[934]: ci-info: +-------+-------------+---------+-----------+-------+
[   20.341465] cloud-init[934]: ci-info: |   0   |  fe80::/64  |    ::   |   enp0s3  |   U   |
[   20.342048] cloud-init[934]: ci-info: |   3   |   ff00::/8  |    ::   |   enp0s3  |   U   |
[   20.342349] cloud-init[934]: ci-info: +-------+-------------+---------+-----------+-------+
[   20.342810] cloud-init[934]: Generating public/private rsa key pair.
[   20.343226] cloud-init[934]: Your identification has been saved in /etc/ssh/ssh_host_rsa_key.
[   20.344038] cloud-init[934]: Your public key has been saved in /etc/ssh/ssh_host_rsa_key.pub.
[   20.344940] cloud-init[934]: The key fingerprint is:
[   20.345353] cloud-init[934]: SHA256:bF/16wSRBSOMnmy+P7f2wNuIhuIyEcnxNkvKAoYeEJk root@ubuntu-xenial
[   20.345712] cloud-init[934]: The key's randomart image is:
[   20.346083] cloud-init[934]: +---[RSA 2048]----+
[   20.346609] cloud-init[934]: |.+        o. o.. |
] Reached target System Initialization.
[   20.346640] cloud-init[934]: |E    .   . .. +  |
[[   20.373349] cloud-init[934]: |o   . + o .  o.  |
[   20.373819] [0;32m  OK  [0mcloud-init] [934]: Listening on ACPID Listen Socket.|.+   + * =   ... |

         Starting LXD - unix socket.[   20.374962] cloud-init[934]: |o o . = S   ..  .|
[   20.385936] cloud-init[934]: | . . + o o .. . .|
[   20.386247] cloud-init[934]: |    . .   +  o o |
[   20.386708] cloud-init[934]: |     o . o o.oB  |

[[   20.387128] cloud-init[934]: |      +.. oo++o+ |
[   20.392587] cloud-init[934]: +----[SHA256]-----+
[   20.392899] cloud-init[934]: Generating public/private dsa key pair.
[   20.393247] cloud-init[934]: Your identification has been saved in /etc/ssh/ssh_host_dsa_key.
[0;32m  OK  [0m] Started Daily apt download activities.
[   20.393278] cloud-init[934]: Your public key has been saved in /etc/ssh/ssh_host_dsa_key.pub.
[   20.456963] cloud-init[934]: The key fingerprint is:
[   20.457019] cloud-init[934]: SHA256:UM7eSEVQYUL7SorE5nce8lgolTe4/RFtEvJ2f1OpULw root@ubuntu-xenial
[   20.457526] cloud-init[934]: The key's randomart image is:
[   20.457981] cloud-init[934]: +---[DSA 1024]----+
[   20.458422] cloud-init[934]: |       .=+*.     |
[   20.458901] cloud-init[934]: |       + =  .    |
[   20.459499] cloud-init[934]: |      . * .  o   |
[   20.460043] cloud-init[934]: |   .   * * o. . .|
[   20.460644] cloud-init[934]: |    + + S B.+E ..|
[   20.461933] cloud-init[934]: |   + o B + =... .|
[   20.462492] cloud-init[934]: |    + * * .  ....|
[   20.462971] cloud-init[934]: |     o B o .   ..|
[   20.463527] cloud-init[934]: |      . o .      |
[   20.464184] cloud-init[934]: +----[SHA256]-----+
[   20.465245] cloud-init[934]: Generating public/private ecdsa key pair.
[   20.465829] cloud-init[934]: Your identification has been saved in /etc/ssh/ssh_host_ecdsa_key.
[   20.466510] cloud-init[934]: Your public key has been saved in /etc/ssh/ssh_host_ecdsa_key.pub.
[   20.467036] cloud-init[934]: The key fingerprint is:
[   20.467564] cloud-init[934]: SHA256:EKT7Zw2ng9va7JjR85qYBlcUTnDPqbIxkuHfKs/J4qA root@ubuntu-xenial
[   20.468719] cloud-init[934]: The key's randomart image is:
[   20.469382] cloud-init[934]: +---[ECDSA 256]---+
[   20.470615] cloud-init[934]: |     .+.+.       |
[[0;32m  OK  [0m] Listening on D-Bus System Message Bus Socket.
[[   20.470679] cloud-init[934]: |     . =.o .     |
[   20.507523] cloud-init[934]: |    o ... +      |
[   20.507982] cloud-init[934]: |   . + ...       |
[   20.508818] cloud-init[934]: |    = +.S .      |
[0;32m  OK  [0m] Started Daily Cleanup of Temporary Directories.
[   20.509812] cloud-init[934]: |    .+.O =       |
[   20.517111] cloud-init[934]: |  .  o* O .      |
[   20.517661] cloud-init[934]: | . .oo./ =       |
[   20.518036] cloud-init[934]: |E  ..=&oB..      |
[   20.518342] cloud-init[934]: +----[SHA256]-----+
[   20.518639] cloud-init[934]: Generating public/private ed25519 key pair.
[   20.518959] cloud-init[934]: Your identification has been saved in /etc/ssh/ssh_host_ed25519_key.
[   20.519252] cloud-init[934]: Your public key has been saved in /etc/ssh/ssh_host_ed25519_key.pub.
[   20.519557] cloud-init[934]: The key fingerprint is:
[   20.519863] cloud-init[934]: SHA256:Le14o6DDUEitMYdjf1tPxVlMcsFylbr7EmatqNQUepI root@ubuntu-xenial
[   20.520491] cloud-init[934]: The key's randomart image is:
[   20.520792] cloud-init[934]: +--[ED25519 256]--+
[   20.521099] cloud-init[934]: |   o       ..*=oo|
[   20.521404] cloud-init[934]: |  B o       =o+. |
[   20.521951] cloud-init[934]: | o O       o o.  |
[   20.522031] cloud-init[934]: |  o o . .o+ ..   |
[   20.522336] cloud-init[934]: |   . . oSEoo  o  |
[   20.522639] cloud-init[934]: |  .   .  +*  = . |
[   20.522944] cloud-init[934]: |   o  . ..+.+ +  |
[   20.523251] cloud-init[934]: |    o. ..o o +   |
[   20.523557] cloud-init[934]: |    ..  ...   o. |
[   20.523864] cloud-init[934]: +----[SHA256]-----+
[[0;32m  OK  [0m] Listening on UUID daemon activation socket.
         Starting Socket activation for snappy daemon.
[[0;32m  OK  [0m] Started Daily apt upgrade and clean activities.
[[0;32m  OK  [0m] Reached target Timers.
[[0;32m  OK  [0m] Started ACPI Events Check.
[[0;32m  OK  [0m] Reached target Paths.
[[0;32m  OK  [0m] Reached target Cloud-config availability.
[[0;32m  OK  [0m] Listening on LXD - unix socket.
[[0;32m  OK  [0m] Listening on Socket activation for snappy daemon.
[[0;32m  OK  [0m] Started iSCSI initiator daemon (iscsid).
         Starting Login to default iSCSI targets...
[[0;32m  OK  [0m] Reached target Sockets.
[[0;32m  OK  [0m] Reached target Basic System.
[[0;32m  OK  [0m] Started D-Bus System Message Bus.
[[0;32m  OK  [0m] Started Deferred execution scheduler.
[[0;32m  OK  [0m] Started ACPI event daemon.
[[0;32m  OK  [0m] Started FUSE filesystem for LXC.
         Starting Pollinate to seed the pseudo random number generator...
         Starting Virtualbox guest utils...
         Starting /etc/rc.local Compatibility...
         Starting Login Service...
         Starting LSB: Record successful boot for GRUB...
         Starting System Logging Service...
         Starting Accounts Service...
[[0;32m  OK  [0m] Started Unattended Upgrades Shutdown.
         Starting Snappy daemon...
[[0;32m  OK  [0m] Started Regular background program processing daemon.
         Starting LSB: MD monitoring daemon...
         Starting LXD - container startup/shutdown...
[[0;32m  OK  [0m] Started System Logging Service.
[[0;32m  OK  [0m] Started /etc/rc.local Compatibility.
[[0;32m  OK  [0m] Started Login to default iSCSI targets.
[[0;32m  OK  [0m] Started LSB: Record successful boot for GRUB.
[[0;32m  OK  [0m] Started LSB: MD monitoring daemon.
[[0;32m  OK  [0m] Started Login Service.
         Starting Authenticate and Authorize Users to Run Privileged Tasks...
[[0;32m  OK  [0m] Reached target Remote File Systems (Pre).
[[0;32m  OK  [0m] Reached target Remote File Systems.
         Starting LSB: daemon to balance interrupts for SMP systems...
         Starting LSB: Set the CPU Frequency Scaling governor to "ondemand"...
         Starting LSB: automatic crash report generation...
         Starting Permit User Sessions...
[[0;32m  OK  [0m] Started Snappy daemon.
[[0;32m  OK  [0m] Started Virtualbox guest utils.
[[0;32m  OK  [0m] Started LXD - container startup/shutdown.
[[0;32m  OK  [0m] Started Permit User Sessions.
[[0;32m  OK  [0m] Started Authenticate and Authorize Users to Run Privileged Tasks.
[[0;32m  OK  [0m] Started Accounts Service.
[[0;32m  OK  [0m] Started LSB: Set the CPU Frequency Scaling governor to "ondemand".
[[0;32m  OK  [0m] Started LSB: daemon to balance interrupts for SMP systems.
         Starting Hold until boot process finishes up...
         Starting Terminate Plymouth Boot Screen...
         Starting Wait until snapd is fully seeded...
[[0;32m  OK  [0m] Started LSB: automatic crash report generation.
[[0;32m  OK  [0m] Started Hold until boot process finishes up.
[[0;32m  OK  [0m] Started Terminate Plymouth Boot Screen.
         Starting Set console scheme...
[[0;32m  OK  [0m] Started Serial Getty on ttyS0.
[[0;32m  OK  [0m] Started Getty on tty1.
[[0;32m  OK  [0m] Reached target Login Prompts.
[[0;32m  OK  [0m] Started Set console scheme.
[[0;32m  OK  [0m] Started Pollinate to seed the pseudo random number generator.
         Starting OpenBSD Secure Shell server...
[[0;32m  OK  [0m] Started OpenBSD Secure Shell server.
[[0;32m  OK  [0m] Created slice User Slice of vagrant.
         Starting User Manager for UID 1000...
[[0;32m  OK  [0m] Started Session 1 of user vagrant.
[[0;32m  OK  [0m] Started User Manager for UID 1000.
         Stopping User Manager for UID 1000...
[[0;32m  OK  [0m] Stopped User Manager for UID 1000.
[[0;32m  OK  [0m] Removed slice User Slice of vagrant.
[[0;32m  OK  [0m] Created slice User Slice of vagrant.
         Starting User Manager for UID 1000...
[[0;32m  OK  [0m] Started Session 2 of user vagrant.
[[0;32m  OK  [0m] Started User Manager for UID 1000.
[[0;32m  OK  [0m] Started Wait until snapd is fully seeded.
         Starting Apply the settings specified in cloud-config...
[[0;32m  OK  [0m] Reached target Multi-User System.
[[0;32m  OK  [0m] Reached target Graphical Interface.
         Starting Update UTMP about System Runlevel Changes...
[[0;32m  OK  [0m] Started Update UTMP about System Runlevel Changes.
         Stopping Virtualbox guest utils...
[[0;32m  OK  [0m] Stopped Virtualbox guest utils.
[   24.328573] cloud-init[1541]: Generating locales (this might take a while)...
[   25.042523] cloud-init[1541]:   en_US.UTF-8... done
[   25.054820] cloud-init[1541]: Generation complete.
[   25.264721] cloud-init[1541]: Cloud-init v. 18.4-0ubuntu1~16.04.2 running 'modules:config' at Fri, 22 Feb 2019 21:50:17 +0000. Up 24.21 seconds.
[[0;32m  OK  [0m] Started Apply the settings specified in cloud-config.
         Starting Execute cloud user/final scripts...
ci-info: no authorized ssh keys fingerprints found for user ubuntu.
<14>Feb 22 21:50:19 ec2: 
<14>Feb 22 21:50:19 ec2: #############################################################
<14>Feb 22 21:50:19 ec2: -----BEGIN SSH HOST KEY FINGERPRINTS-----
<14>Feb 22 21:50:19 ec2: 1024 SHA256:UM7eSEVQYUL7SorE5nce8lgolTe4/RFtEvJ2f1OpULw root@ubuntu-xenial (DSA)
<14>Feb 22 21:50:19 ec2: 256 SHA256:EKT7Zw2ng9va7JjR85qYBlcUTnDPqbIxkuHfKs/J4qA root@ubuntu-xenial (ECDSA)
<14>Feb 22 21:50:19 ec2: 256 SHA256:Le14o6DDUEitMYdjf1tPxVlMcsFylbr7EmatqNQUepI root@ubuntu-xenial (ED25519)
<14>Feb 22 21:50:19 ec2: 2048 SHA256:bF/16wSRBSOMnmy+P7f2wNuIhuIyEcnxNkvKAoYeEJk root@ubuntu-xenial (RSA)
<14>Feb 22 21:50:19 ec2: -----END SSH HOST KEY FINGERPRINTS-----
<14>Feb 22 21:50:19 ec2: #############################################################
-----BEGIN SSH HOST KEY KEYS-----
ecdsa-sha2-nistp256 AAAAE2VjZHNhLXNoYTItbmlzdHAyNTYAAAAIbmlzdHAyNTYAAABBBDDh1udFKfWudnr37nTMUCBU5FPa/aOk3Wca9xSM7HEgR0EGlmzKCA/Mkr5t5of3HhfhmwhCyOQ7D5E6Jg0mIWM= root@ubuntu-xenial
ssh-ed25519 AAAAC3NzaC1lZDI1NTE5AAAAIFls9RzHHMeopk2wJ54NIdiZ0ynEOmuKrakmbZauv9d2 root@ubuntu-xenial
ssh-rsa AAAAB3NzaC1yc2EAAAADAQABAAABAQCwPeSsC/dKNEYk1FdTucGwqLL/571AiqroaCQ/GfmnjgEEABRtVUv9psre46OQu1K9XNGO4Icem4HOjYRultr81OGkYDjrQGRHYF0AFxWeoFuVL9oKakK6bK72YmVAkqDtuPGR9qv1KqdT1SjXUgqp7vP9R9UEE6ecbEUjiPWEDfNeffsUt/umNFfGXpYxLmSrJViCTw+iCrdsd34wgFllEjK72a5c/X7ig3zK8kNi1VRzTqHAOdJVDL+cOHPHdcUxIknRni1z0SKBa2JVNeBn+wgj3/ArdqsII2XSHffL4/N4E6jRpHbgz7FbdFyFsz1Rr/K/KR5MejuAux4jvmRh root@ubuntu-xenial
-----END SSH HOST KEY KEYS-----
[   26.561552] cloud-init[1670]: Cloud-init v. 18.4-0ubuntu1~16.04.2 running 'modules:final' at Fri, 22 Feb 2019 21:50:19 +0000. Up 25.69 seconds.
[   26.656926] ci-info: no authorized ssh keys fingerprints found for user ubuntu.
[   26.659050] cloud-init[1670]: Cloud-init v. 18.4-0ubuntu1~16.04.2 finished at Fri, 22 Feb 2019 21:50:19 +0000. Datasource DataSourceNoCloud [seed=/dev/sdb][dsmode=net].  Up 26.55 seconds

Ubuntu 16.04.5 LTS ubuntu-xenial ttyS0

ubuntu-xenial login: 